Environment variables:
  - =D:=D:\londonProj\actualAccess\mule_repo\project3\muleProject3
  - ALLUSERSPROFILE=C:\ProgramData
  - APPDATA=C:\Users\mperisepalli\AppData\Roaming
  - COMPUTERNAME=WWLT218-MPERISE
  - ComSpec=C:\Windows\system32\cmd.exe
  - CommonProgramFiles=C:\Program Files\Common Files
  - CommonProgramFiles(x86)=C:\Program Files (x86)\Common Files
  - CommonProgramW6432=C:\Program Files\Common Files
  - ERROR_CODE=0
  - FP_NO_HOST_CHECK=NO
  - HOMEDRIVE=C:
  - HOMEPATH=\Users\mperisepalli
  - JAVA_EXEC="C:\Java\jdk1.8.0_101\bin\java.exe"
  - JAVA_HOME=C:\Java\jdk1.8.0_101
  - LOCALAPPDATA=C:\Users\mperisepalli\AppData\Local
  - LOGONSERVER=\\DC01
  - MAVEN_HOME=E:\Softwares\apache-maven-3.0.5\apache-maven-3.0.5
  - NUMBER_OF_PROCESSORS=4
  - OS=Windows_NT
  - PATHEXT=.COM;.EXE;.BAT;.CMD;.VBS;.VBE;.JS;.JSE;.WSF;.WSH;.MSC
  - PROCESSOR_ARCHITECTURE=AMD64
  - PROCESSOR_IDENTIFIER=Intel64 Family 6 Model 94 Stepping 3, GenuineIntel
  - PROCESSOR_LEVEL=6
  - PROCESSOR_REVISION=5e03
  - PROJECT_HOME=D:\londonProj\actualAccess\mule_repo\project3\muleProject3
  - PROMPT=$P$G
  - PSModulePath=C:\Windows\system32\WindowsPowerShell\v1.0\Modules\
  - PUBLIC=C:\Users\Public
  - Path=C:\Java\jdk1.8.0_101\bin;C:\Program Files (x86)\Intel\iCLS Client\;C:\Program Files\Intel\iCLS Client\;C:\Windows\system32;C:\Windows;C:\Windows\System32\Wbem;C:\Windows\System32\WindowsPowerShell\v1.0\;C:\Program Files (x86)\Intel\Intel(R) Management Engine Components\DAL;C:\Program Files\Intel\Intel(R) Management Engine Components\DAL;C:\Program Files (x86)\Intel\Intel(R) Management Engine Components\IPT;C:\Program Files\Intel\Intel(R) Management Engine Components\IPT;C:\Program Files\Intel\WiFi\bin\;C:\Program Files\Common Files\Intel\WirelessCommon\;E:\Softwares\apache-maven-3.0.5\apache-maven-3.0.5\bin;C:\Program Files\TortoiseGit\bin;C:\Program Files\Git\cmd;C:\Program Files (x86)\WinMerge;E:\Softwares\sonar-runner-dist-2.4\sonar-runner-2.4\bin;C:\Users\mperisepalli\AppData\Local\atom\bin
  - ProgramData=C:\ProgramData
  - ProgramFiles=C:\Program Files
  - ProgramFiles(x86)=C:\Program Files (x86)
  - ProgramW6432=C:\Program Files
  - SESSIONNAME=Console
  - SONAR_RUNNER_HOME=E:\Softwares\sonar-runner-dist-2.4\sonar-runner-2.4
  - SystemDrive=C:
  - SystemRoot=C:\Windows
  - TEMP=C:\Users\MPERIS~1\AppData\Local\Temp
  - TMP=C:\Users\MPERIS~1\AppData\Local\Temp
  - USERDNSDOMAIN=INT.WHISHWORKS.COM
  - USERDOMAIN=INT
  - USERDOMAIN_ROAMINGPROFILE=INT
  - USERNAME=mperisepalli
  - USERPROFILE=C:\Users\mperisepalli
  - windir=C:\Windows
System properties:
  - ROOT_LOGGER_LEVEL=DEBUG
  - awt.toolkit=sun.awt.windows.WToolkit
  - file.encoding=Cp1252
  - file.encoding.pkg=sun.io
  - file.separator=\
  - java.awt.graphicsenv=sun.awt.Win32GraphicsEnvironment
  - java.awt.printerjob=sun.awt.windows.WPrinterJob
  - java.class.path=E:\Softwares\sonar-runner-dist-2.4\sonar-runner-2.4\lib\sonar-runner-dist-2.4.jar
  - java.class.version=52.0
  - java.endorsed.dirs=C:\Java\jdk1.8.0_101\jre\lib\endorsed
  - java.ext.dirs=C:\Java\jdk1.8.0_101\jre\lib\ext;C:\Windows\Sun\Java\lib\ext
  - java.home=C:\Java\jdk1.8.0_101\jre
  - java.io.tmpdir=C:\Users\MPERIS~1\AppData\Local\Temp\
  - java.library.path=C:\Java\jdk1.8.0_101\bin;C:\Windows\Sun\Java\bin;C:\Windows\system32;C:\Windows;C:\Java\jdk1.8.0_101\bin;C:\Program Files (x86)\Intel\iCLS Client\;C:\Program Files\Intel\iCLS Client\;C:\Windows\system32;C:\Windows;C:\Windows\System32\Wbem;C:\Windows\System32\WindowsPowerShell\v1.0\;C:\Program Files (x86)\Intel\Intel(R) Management Engine Components\DAL;C:\Program Files\Intel\Intel(R) Management Engine Components\DAL;C:\Program Files (x86)\Intel\Intel(R) Management Engine Components\IPT;C:\Program Files\Intel\Intel(R) Management Engine Components\IPT;C:\Program Files\Intel\WiFi\bin\;C:\Program Files\Common Files\Intel\WirelessCommon\;E:\Softwares\apache-maven-3.0.5\apache-maven-3.0.5\bin;C:\Program Files\TortoiseGit\bin;C:\Program Files\Git\cmd;C:\Program Files (x86)\WinMerge;E:\Softwares\sonar-runner-dist-2.4\sonar-runner-2.4\bin;C:\Users\mperisepalli\AppData\Local\atom\bin;.
  - java.runtime.name=Java(TM) SE Runtime Environment
  - java.runtime.version=1.8.0_101-b13
  - java.specification.name=Java Platform API Specification
  - java.specification.vendor=Oracle Corporation
  - java.specification.version=1.8
  - java.vendor=Oracle Corporation
  - java.vendor.url=http://java.oracle.com/
  - java.vendor.url.bug=http://bugreport.sun.com/bugreport/
  - java.version=1.8.0_101
  - java.vm.info=mixed mode
  - java.vm.name=Java HotSpot(TM) 64-Bit Server VM
  - java.vm.specification.name=Java Virtual Machine Specification
  - java.vm.specification.vendor=Oracle Corporation
  - java.vm.specification.version=1.8
  - java.vm.vendor=Oracle Corporation
  - java.vm.version=25.101-b13
  - line.separator=

  - os.arch=amd64
  - os.name=Windows 8.1
  - os.version=6.3
  - path.separator=;
  - project.home=D:\londonProj\actualAccess\mule_repo\project3\muleProject3
  - runner.home=E:\Softwares\sonar-runner-dist-2.4\sonar-runner-2.4
  - sun.arch.data.model=64
  - sun.boot.class.path=C:\Java\jdk1.8.0_101\jre\lib\resources.jar;C:\Java\jdk1.8.0_101\jre\lib\rt.jar;C:\Java\jdk1.8.0_101\jre\lib\sunrsasign.jar;C:\Java\jdk1.8.0_101\jre\lib\jsse.jar;C:\Java\jdk1.8.0_101\jre\lib\jce.jar;C:\Java\jdk1.8.0_101\jre\lib\charsets.jar;C:\Java\jdk1.8.0_101\jre\lib\jfr.jar;C:\Java\jdk1.8.0_101\jre\classes
  - sun.boot.library.path=C:\Java\jdk1.8.0_101\jre\bin
  - sun.cpu.endian=little
  - sun.cpu.isalist=amd64
  - sun.desktop=windows
  - sun.io.unicode.encoding=UnicodeLittle
  - sun.java.command=org.sonar.runner.Main -X
  - sun.java.launcher=SUN_STANDARD
  - sun.jnu.encoding=Cp1252
  - sun.management.compiler=HotSpot 64-Bit Tiered Compilers
  - sun.os.patch.level=
  - sun.stderr.encoding=cp437
  - sun.stdout.encoding=cp437
  - user.country=US
  - user.dir=D:\londonProj\actualAccess\mule_repo\project3\muleProject3
  - user.home=C:\Users\mperisepalli
  - user.language=en
  - user.name=mperisepalli
  - user.script=
  - user.timezone=Asia/Calcutta
  - user.variant=
SonarQube plugins:
  - C# 5.5.1.522 (csharp)
  - Java 4.3.0.7717 (java)
  - SVN 1.3 (scmsvn)
  - Git 1.2 (scmgit)
  - JavaScript 2.18.0.3454 (javascript)
Global properties:
  - sonar.core.id=AVkGn5xvQ2LGcCTVY7qh
  - sonar.core.startTime=2016-12-16T13:24:00+0530
  - sonar.permission.template.default=default_template
  - sonar.qualitygate=1
Settings for module: java-sonar-runner-simple
  - sonar.host.url=http://localhost:9000
  - sonar.language=java
  - sonar.projectBaseDir=D:\londonProj\actualAccess\mule_repo\project3\muleProject3\.
  - sonar.projectKey=java-sonar-runner-simple
  - sonar.projectName=mavenProject2
  - sonar.projectVersion=1.0
  - sonar.sourceEncoding=UTF-8
  - sonar.sources=src
  - sonar.verbose=true
  - sonar.working.directory=D:\londonProj\actualAccess\mule_repo\project3\muleProject3\.\.sonar
